<?xml version="1.0" encoding="UTF-8"?>
<testsuite name="com.henrisusanto.rentipro.core.alarm.AlarmIdsTest" tests="4" skipped="0" failures="0" errors="0" timestamp="2026-08-16T21:39:00" hostname="Macbooks-MacBook-Pro.local" time="0.128">
  <properties/>
  <testcase name="notificationIds_followAlarmCodes" classname="com.henrisusanto.rentipro.core.alarm.AlarmIdsTest" time="0.007"/>
  <testcase name="dueSoonAndOverdueCodes_differPerRental" classname="com.henrisusanto.rentipro.core.alarm.AlarmIdsTest" time="0.05"/>
  <testcase name="codes_doNotCollideAcrossRentals" classname="com.henrisusanto.rentipro.core.alarm.AlarmIdsTest" time="0.066"/>
  <testcase name="codes_areStablePerRental" classname="com.henrisusanto.rentipro.core.alarm.AlarmIdsTest" time="0.001"/>
  <system-out><![CDATA[]]></system-out>
  <system-err><![CDATA[]]></system-err>
</testsuite>
